{"sessionId":"e43b30","runId":"initial","hypothesisId":"H4","location":"AuthController.php","message":"social_user_state_after_login","data":{"provider":"google","user_id":5,"created":false,"email_verified":false},"timestamp":1778067199142}
{"sessionId":"e43b30","runId":"initial","hypothesisId":"H4","location":"AuthController.php","message":"social_redirect_verify_email","data":{"provider":"google","user_id":5},"timestamp":1778067199231}
{"sessionId":"e43b30","runId":"initial","hypothesisId":"H4","location":"AuthController.php","message":"social_user_state_after_login","data":{"provider":"google","user_id":5,"created":false,"email_verified":false},"timestamp":1778067391045}
{"sessionId":"e43b30","runId":"initial","hypothesisId":"H4","location":"AuthController.php","message":"social_redirect_verify_email","data":{"provider":"google","user_id":5},"timestamp":1778067391114}
{"sessionId":"e43b30","runId":"initial","hypothesisId":"H4","location":"AuthController.php","message":"social_user_state_after_login","data":{"provider":"google","user_id":5,"created":false,"email_verified":false},"timestamp":1778067557984}
{"sessionId":"e43b30","runId":"initial","hypothesisId":"H4","location":"AuthController.php","message":"social_redirect_verify_email","data":{"provider":"google","user_id":5},"timestamp":1778067558059}
{"sessionId":"e43b30","runId":"initial","hypothesisId":"H4","location":"AuthController.php","message":"social_user_state_after_login","data":{"provider":"google","user_id":5,"created":false,"email_verified":false},"timestamp":1778067653870}
{"sessionId":"e43b30","runId":"initial","hypothesisId":"H4","location":"AuthController.php","message":"social_redirect_verify_email","data":{"provider":"google","user_id":5},"timestamp":1778067653905}
{"sessionId":"e43b30","runId":"initial","hypothesisId":"H1","location":"VerificationController.php","message":"resend_entered","data":{"has_user":true,"auth_id":5},"timestamp":1778089049158}
{"sessionId":"e43b30","runId":"initial","hypothesisId":"H2","location":"VerificationController.php","message":"before_send_notification","data":{"user_id":5,"has_verified_email_method":true,"already_verified":false,"mail_mailer":"smtp","mail_host":"smtp.gmail.com","mail_port":"587","mail_scheme":null,"mail_encryption_env":null},"timestamp":1778089049161}
{"sessionId":"e43b30","runId":"initial","hypothesisId":"H2","location":"VerificationController.php","message":"send_notification_success","data":{"user_id":5},"timestamp":1778089054614}
{"sessionId":"e43b30","runId":"initial","hypothesisId":"H1","location":"VerificationController.php","message":"resend_entered","data":{"has_user":true,"auth_id":1},"timestamp":1778537286713}
{"sessionId":"e43b30","runId":"initial","hypothesisId":"H2","location":"VerificationController.php","message":"before_send_notification","data":{"user_id":1,"has_verified_email_method":true,"already_verified":false,"mail_mailer":"array","mail_host":"smtp.gmail.com","mail_port":"465","mail_scheme":null,"mail_encryption_env":"ssl"},"timestamp":1778537286713}
{"sessionId":"e43b30","runId":"initial","hypothesisId":"H2","location":"VerificationController.php","message":"send_notification_success","data":{"user_id":1},"timestamp":1778537286714}
{"sessionId":"e43b30","runId":"initial","hypothesisId":"H1","location":"VerificationController.php","message":"resend_entered","data":{"has_user":true,"auth_id":1},"timestamp":1778537286734}
{"sessionId":"e43b30","runId":"initial","hypothesisId":"H2","location":"VerificationController.php","message":"before_send_notification","data":{"user_id":1,"has_verified_email_method":true,"already_verified":false,"mail_mailer":"array","mail_host":"smtp.gmail.com","mail_port":"465","mail_scheme":null,"mail_encryption_env":"ssl"},"timestamp":1778537286734}
{"sessionId":"e43b30","runId":"initial","hypothesisId":"H2","location":"VerificationController.php","message":"send_notification_success","data":{"user_id":1},"timestamp":1778537286734}
{"sessionId":"e43b30","runId":"initial","hypothesisId":"H1","location":"VerificationController.php","message":"resend_entered","data":{"has_user":true,"auth_id":1},"timestamp":1778537286735}
{"sessionId":"e43b30","runId":"initial","hypothesisId":"H2","location":"VerificationController.php","message":"before_send_notification","data":{"user_id":1,"has_verified_email_method":true,"already_verified":false,"mail_mailer":"array","mail_host":"smtp.gmail.com","mail_port":"465","mail_scheme":null,"mail_encryption_env":"ssl"},"timestamp":1778537286736}
{"sessionId":"e43b30","runId":"initial","hypothesisId":"H2","location":"VerificationController.php","message":"send_notification_success","data":{"user_id":1},"timestamp":1778537286736}
{"sessionId":"e43b30","runId":"initial","hypothesisId":"H1","location":"VerificationController.php","message":"resend_entered","data":{"has_user":true,"auth_id":1},"timestamp":1778537286737}
{"sessionId":"e43b30","runId":"initial","hypothesisId":"H2","location":"VerificationController.php","message":"before_send_notification","data":{"user_id":1,"has_verified_email_method":true,"already_verified":false,"mail_mailer":"array","mail_host":"smtp.gmail.com","mail_port":"465","mail_scheme":null,"mail_encryption_env":"ssl"},"timestamp":1778537286737}
{"sessionId":"e43b30","runId":"initial","hypothesisId":"H2","location":"VerificationController.php","message":"send_notification_success","data":{"user_id":1},"timestamp":1778537286737}
{"sessionId":"e43b30","runId":"initial","hypothesisId":"H1","location":"VerificationController.php","message":"resend_entered","data":{"has_user":true,"auth_id":1},"timestamp":1778537286738}
{"sessionId":"e43b30","runId":"initial","hypothesisId":"H2","location":"VerificationController.php","message":"before_send_notification","data":{"user_id":1,"has_verified_email_method":true,"already_verified":false,"mail_mailer":"array","mail_host":"smtp.gmail.com","mail_port":"465","mail_scheme":null,"mail_encryption_env":"ssl"},"timestamp":1778537286738}
{"sessionId":"e43b30","runId":"initial","hypothesisId":"H2","location":"VerificationController.php","message":"send_notification_success","data":{"user_id":1},"timestamp":1778537286738}
{"sessionId":"e43b30","runId":"initial","hypothesisId":"H1","location":"VerificationController.php","message":"resend_entered","data":{"has_user":true,"auth_id":1},"timestamp":1778537286739}
{"sessionId":"e43b30","runId":"initial","hypothesisId":"H2","location":"VerificationController.php","message":"before_send_notification","data":{"user_id":1,"has_verified_email_method":true,"already_verified":false,"mail_mailer":"array","mail_host":"smtp.gmail.com","mail_port":"465","mail_scheme":null,"mail_encryption_env":"ssl"},"timestamp":1778537286740}
{"sessionId":"e43b30","runId":"initial","hypothesisId":"H2","location":"VerificationController.php","message":"send_notification_success","data":{"user_id":1},"timestamp":1778537286740}
{"sessionId":"e43b30","runId":"initial","hypothesisId":"H1","location":"VerificationController.php","message":"resend_entered","data":{"has_user":true,"auth_id":1},"timestamp":1778537286741}
{"sessionId":"e43b30","runId":"initial","hypothesisId":"H2","location":"VerificationController.php","message":"before_send_notification","data":{"user_id":1,"has_verified_email_method":true,"already_verified":false,"mail_mailer":"array","mail_host":"smtp.gmail.com","mail_port":"465","mail_scheme":null,"mail_encryption_env":"ssl"},"timestamp":1778537286741}
{"sessionId":"e43b30","runId":"initial","hypothesisId":"H2","location":"VerificationController.php","message":"send_notification_success","data":{"user_id":1},"timestamp":1778537286741}
{"sessionId":"e43b30","runId":"initial","hypothesisId":"H1","location":"VerificationController.php","message":"resend_entered","data":{"has_user":true,"auth_id":1},"timestamp":1778539138748}
{"sessionId":"e43b30","runId":"initial","hypothesisId":"H2","location":"VerificationController.php","message":"before_send_notification","data":{"user_id":1,"has_verified_email_method":true,"already_verified":false,"mail_mailer":"array","mail_host":"smtp.gmail.com","mail_port":"465","mail_scheme":null,"mail_encryption_env":"ssl"},"timestamp":1778539138748}
{"sessionId":"e43b30","runId":"initial","hypothesisId":"H2","location":"VerificationController.php","message":"send_notification_success","data":{"user_id":1},"timestamp":1778539138749}
{"sessionId":"e43b30","runId":"initial","hypothesisId":"H1","location":"VerificationController.php","message":"resend_entered","data":{"has_user":true,"auth_id":1},"timestamp":1778539138766}
{"sessionId":"e43b30","runId":"initial","hypothesisId":"H2","location":"VerificationController.php","message":"before_send_notification","data":{"user_id":1,"has_verified_email_method":true,"already_verified":false,"mail_mailer":"array","mail_host":"smtp.gmail.com","mail_port":"465","mail_scheme":null,"mail_encryption_env":"ssl"},"timestamp":1778539138766}
{"sessionId":"e43b30","runId":"initial","hypothesisId":"H2","location":"VerificationController.php","message":"send_notification_success","data":{"user_id":1},"timestamp":1778539138767}
{"sessionId":"e43b30","runId":"initial","hypothesisId":"H1","location":"VerificationController.php","message":"resend_entered","data":{"has_user":true,"auth_id":1},"timestamp":1778539138768}
{"sessionId":"e43b30","runId":"initial","hypothesisId":"H2","location":"VerificationController.php","message":"before_send_notification","data":{"user_id":1,"has_verified_email_method":true,"already_verified":false,"mail_mailer":"array","mail_host":"smtp.gmail.com","mail_port":"465","mail_scheme":null,"mail_encryption_env":"ssl"},"timestamp":1778539138768}
{"sessionId":"e43b30","runId":"initial","hypothesisId":"H2","location":"VerificationController.php","message":"send_notification_success","data":{"user_id":1},"timestamp":1778539138768}
{"sessionId":"e43b30","runId":"initial","hypothesisId":"H1","location":"VerificationController.php","message":"resend_entered","data":{"has_user":true,"auth_id":1},"timestamp":1778539138769}
{"sessionId":"e43b30","runId":"initial","hypothesisId":"H2","location":"VerificationController.php","message":"before_send_notification","data":{"user_id":1,"has_verified_email_method":true,"already_verified":false,"mail_mailer":"array","mail_host":"smtp.gmail.com","mail_port":"465","mail_scheme":null,"mail_encryption_env":"ssl"},"timestamp":1778539138769}
{"sessionId":"e43b30","runId":"initial","hypothesisId":"H2","location":"VerificationController.php","message":"send_notification_success","data":{"user_id":1},"timestamp":1778539138769}
{"sessionId":"e43b30","runId":"initial","hypothesisId":"H1","location":"VerificationController.php","message":"resend_entered","data":{"has_user":true,"auth_id":1},"timestamp":1778539138770}
{"sessionId":"e43b30","runId":"initial","hypothesisId":"H2","location":"VerificationController.php","message":"before_send_notification","data":{"user_id":1,"has_verified_email_method":true,"already_verified":false,"mail_mailer":"array","mail_host":"smtp.gmail.com","mail_port":"465","mail_scheme":null,"mail_encryption_env":"ssl"},"timestamp":1778539138770}
{"sessionId":"e43b30","runId":"initial","hypothesisId":"H2","location":"VerificationController.php","message":"send_notification_success","data":{"user_id":1},"timestamp":1778539138770}
{"sessionId":"e43b30","runId":"initial","hypothesisId":"H1","location":"VerificationController.php","message":"resend_entered","data":{"has_user":true,"auth_id":1},"timestamp":1778539138771}
{"sessionId":"e43b30","runId":"initial","hypothesisId":"H2","location":"VerificationController.php","message":"before_send_notification","data":{"user_id":1,"has_verified_email_method":true,"already_verified":false,"mail_mailer":"array","mail_host":"smtp.gmail.com","mail_port":"465","mail_scheme":null,"mail_encryption_env":"ssl"},"timestamp":1778539138771}
{"sessionId":"e43b30","runId":"initial","hypothesisId":"H2","location":"VerificationController.php","message":"send_notification_success","data":{"user_id":1},"timestamp":1778539138771}
{"sessionId":"e43b30","runId":"initial","hypothesisId":"H1","location":"VerificationController.php","message":"resend_entered","data":{"has_user":true,"auth_id":1},"timestamp":1778539138772}
{"sessionId":"e43b30","runId":"initial","hypothesisId":"H2","location":"VerificationController.php","message":"before_send_notification","data":{"user_id":1,"has_verified_email_method":true,"already_verified":false,"mail_mailer":"array","mail_host":"smtp.gmail.com","mail_port":"465","mail_scheme":null,"mail_encryption_env":"ssl"},"timestamp":1778539138772}
{"sessionId":"e43b30","runId":"initial","hypothesisId":"H2","location":"VerificationController.php","message":"send_notification_success","data":{"user_id":1},"timestamp":1778539138772}
{"sessionId":"e43b30","runId":"initial","hypothesisId":"H1","location":"VerificationController.php","message":"resend_entered","data":{"has_user":true,"auth_id":1},"timestamp":1778539240718}
{"sessionId":"e43b30","runId":"initial","hypothesisId":"H2","location":"VerificationController.php","message":"before_send_notification","data":{"user_id":1,"has_verified_email_method":true,"already_verified":false,"mail_mailer":"array","mail_host":"smtp.gmail.com","mail_port":"465","mail_scheme":null,"mail_encryption_env":"ssl"},"timestamp":1778539240718}
{"sessionId":"e43b30","runId":"initial","hypothesisId":"H2","location":"VerificationController.php","message":"send_notification_success","data":{"user_id":1},"timestamp":1778539240719}
{"sessionId":"e43b30","runId":"initial","hypothesisId":"H1","location":"VerificationController.php","message":"resend_entered","data":{"has_user":true,"auth_id":1},"timestamp":1778539240735}
{"sessionId":"e43b30","runId":"initial","hypothesisId":"H2","location":"VerificationController.php","message":"before_send_notification","data":{"user_id":1,"has_verified_email_method":true,"already_verified":false,"mail_mailer":"array","mail_host":"smtp.gmail.com","mail_port":"465","mail_scheme":null,"mail_encryption_env":"ssl"},"timestamp":1778539240735}
{"sessionId":"e43b30","runId":"initial","hypothesisId":"H2","location":"VerificationController.php","message":"send_notification_success","data":{"user_id":1},"timestamp":1778539240735}
{"sessionId":"e43b30","runId":"initial","hypothesisId":"H1","location":"VerificationController.php","message":"resend_entered","data":{"has_user":true,"auth_id":1},"timestamp":1778539240736}
{"sessionId":"e43b30","runId":"initial","hypothesisId":"H2","location":"VerificationController.php","message":"before_send_notification","data":{"user_id":1,"has_verified_email_method":true,"already_verified":false,"mail_mailer":"array","mail_host":"smtp.gmail.com","mail_port":"465","mail_scheme":null,"mail_encryption_env":"ssl"},"timestamp":1778539240737}
{"sessionId":"e43b30","runId":"initial","hypothesisId":"H2","location":"VerificationController.php","message":"send_notification_success","data":{"user_id":1},"timestamp":1778539240737}
{"sessionId":"e43b30","runId":"initial","hypothesisId":"H1","location":"VerificationController.php","message":"resend_entered","data":{"has_user":true,"auth_id":1},"timestamp":1778539240737}
{"sessionId":"e43b30","runId":"initial","hypothesisId":"H2","location":"VerificationController.php","message":"before_send_notification","data":{"user_id":1,"has_verified_email_method":true,"already_verified":false,"mail_mailer":"array","mail_host":"smtp.gmail.com","mail_port":"465","mail_scheme":null,"mail_encryption_env":"ssl"},"timestamp":1778539240738}
{"sessionId":"e43b30","runId":"initial","hypothesisId":"H2","location":"VerificationController.php","message":"send_notification_success","data":{"user_id":1},"timestamp":1778539240738}
{"sessionId":"e43b30","runId":"initial","hypothesisId":"H1","location":"VerificationController.php","message":"resend_entered","data":{"has_user":true,"auth_id":1},"timestamp":1778539240739}
{"sessionId":"e43b30","runId":"initial","hypothesisId":"H2","location":"VerificationController.php","message":"before_send_notification","data":{"user_id":1,"has_verified_email_method":true,"already_verified":false,"mail_mailer":"array","mail_host":"smtp.gmail.com","mail_port":"465","mail_scheme":null,"mail_encryption_env":"ssl"},"timestamp":1778539240739}
{"sessionId":"e43b30","runId":"initial","hypothesisId":"H2","location":"VerificationController.php","message":"send_notification_success","data":{"user_id":1},"timestamp":1778539240739}
{"sessionId":"e43b30","runId":"initial","hypothesisId":"H1","location":"VerificationController.php","message":"resend_entered","data":{"has_user":true,"auth_id":1},"timestamp":1778539240740}
{"sessionId":"e43b30","runId":"initial","hypothesisId":"H2","location":"VerificationController.php","message":"before_send_notification","data":{"user_id":1,"has_verified_email_method":true,"already_verified":false,"mail_mailer":"array","mail_host":"smtp.gmail.com","mail_port":"465","mail_scheme":null,"mail_encryption_env":"ssl"},"timestamp":1778539240740}
{"sessionId":"e43b30","runId":"initial","hypothesisId":"H2","location":"VerificationController.php","message":"send_notification_success","data":{"user_id":1},"timestamp":1778539240740}
{"sessionId":"e43b30","runId":"initial","hypothesisId":"H1","location":"VerificationController.php","message":"resend_entered","data":{"has_user":true,"auth_id":1},"timestamp":1778539240741}
{"sessionId":"e43b30","runId":"initial","hypothesisId":"H2","location":"VerificationController.php","message":"before_send_notification","data":{"user_id":1,"has_verified_email_method":true,"already_verified":false,"mail_mailer":"array","mail_host":"smtp.gmail.com","mail_port":"465","mail_scheme":null,"mail_encryption_env":"ssl"},"timestamp":1778539240741}
{"sessionId":"e43b30","runId":"initial","hypothesisId":"H2","location":"VerificationController.php","message":"send_notification_success","data":{"user_id":1},"timestamp":1778539240741}
{"sessionId":"e43b30","runId":"initial","hypothesisId":"H1","location":"VerificationController.php","message":"resend_entered","data":{"has_user":true,"auth_id":1},"timestamp":1778542445360}
{"sessionId":"e43b30","runId":"initial","hypothesisId":"H2","location":"VerificationController.php","message":"before_send_notification","data":{"user_id":1,"has_verified_email_method":true,"already_verified":false,"mail_mailer":"array","mail_host":"smtp.gmail.com","mail_port":"465","mail_scheme":null,"mail_encryption_env":"ssl"},"timestamp":1778542445361}
{"sessionId":"e43b30","runId":"initial","hypothesisId":"H2","location":"VerificationController.php","message":"send_notification_success","data":{"user_id":1},"timestamp":1778542445361}
{"sessionId":"e43b30","runId":"initial","hypothesisId":"H1","location":"VerificationController.php","message":"resend_entered","data":{"has_user":true,"auth_id":1},"timestamp":1778542445373}
{"sessionId":"e43b30","runId":"initial","hypothesisId":"H2","location":"VerificationController.php","message":"before_send_notification","data":{"user_id":1,"has_verified_email_method":true,"already_verified":false,"mail_mailer":"array","mail_host":"smtp.gmail.com","mail_port":"465","mail_scheme":null,"mail_encryption_env":"ssl"},"timestamp":1778542445374}
{"sessionId":"e43b30","runId":"initial","hypothesisId":"H2","location":"VerificationController.php","message":"send_notification_success","data":{"user_id":1},"timestamp":1778542445374}
{"sessionId":"e43b30","runId":"initial","hypothesisId":"H1","location":"VerificationController.php","message":"resend_entered","data":{"has_user":true,"auth_id":1},"timestamp":1778542445375}
{"sessionId":"e43b30","runId":"initial","hypothesisId":"H2","location":"VerificationController.php","message":"before_send_notification","data":{"user_id":1,"has_verified_email_method":true,"already_verified":false,"mail_mailer":"array","mail_host":"smtp.gmail.com","mail_port":"465","mail_scheme":null,"mail_encryption_env":"ssl"},"timestamp":1778542445375}
{"sessionId":"e43b30","runId":"initial","hypothesisId":"H2","location":"VerificationController.php","message":"send_notification_success","data":{"user_id":1},"timestamp":1778542445375}
{"sessionId":"e43b30","runId":"initial","hypothesisId":"H1","location":"VerificationController.php","message":"resend_entered","data":{"has_user":true,"auth_id":1},"timestamp":1778542445376}
{"sessionId":"e43b30","runId":"initial","hypothesisId":"H2","location":"VerificationController.php","message":"before_send_notification","data":{"user_id":1,"has_verified_email_method":true,"already_verified":false,"mail_mailer":"array","mail_host":"smtp.gmail.com","mail_port":"465","mail_scheme":null,"mail_encryption_env":"ssl"},"timestamp":1778542445376}
{"sessionId":"e43b30","runId":"initial","hypothesisId":"H2","location":"VerificationController.php","message":"send_notification_success","data":{"user_id":1},"timestamp":1778542445376}
{"sessionId":"e43b30","runId":"initial","hypothesisId":"H1","location":"VerificationController.php","message":"resend_entered","data":{"has_user":true,"auth_id":1},"timestamp":1778542445377}
{"sessionId":"e43b30","runId":"initial","hypothesisId":"H2","location":"VerificationController.php","message":"before_send_notification","data":{"user_id":1,"has_verified_email_method":true,"already_verified":false,"mail_mailer":"array","mail_host":"smtp.gmail.com","mail_port":"465","mail_scheme":null,"mail_encryption_env":"ssl"},"timestamp":1778542445377}
{"sessionId":"e43b30","runId":"initial","hypothesisId":"H2","location":"VerificationController.php","message":"send_notification_success","data":{"user_id":1},"timestamp":1778542445377}
{"sessionId":"e43b30","runId":"initial","hypothesisId":"H1","location":"VerificationController.php","message":"resend_entered","data":{"has_user":true,"auth_id":1},"timestamp":1778542445378}
{"sessionId":"e43b30","runId":"initial","hypothesisId":"H2","location":"VerificationController.php","message":"before_send_notification","data":{"user_id":1,"has_verified_email_method":true,"already_verified":false,"mail_mailer":"array","mail_host":"smtp.gmail.com","mail_port":"465","mail_scheme":null,"mail_encryption_env":"ssl"},"timestamp":1778542445378}
{"sessionId":"e43b30","runId":"initial","hypothesisId":"H2","location":"VerificationController.php","message":"send_notification_success","data":{"user_id":1},"timestamp":1778542445378}
{"sessionId":"e43b30","runId":"initial","hypothesisId":"H1","location":"VerificationController.php","message":"resend_entered","data":{"has_user":true,"auth_id":1},"timestamp":1778542445379}
{"sessionId":"e43b30","runId":"initial","hypothesisId":"H2","location":"VerificationController.php","message":"before_send_notification","data":{"user_id":1,"has_verified_email_method":true,"already_verified":false,"mail_mailer":"array","mail_host":"smtp.gmail.com","mail_port":"465","mail_scheme":null,"mail_encryption_env":"ssl"},"timestamp":1778542445379}
{"sessionId":"e43b30","runId":"initial","hypothesisId":"H2","location":"VerificationController.php","message":"send_notification_success","data":{"user_id":1},"timestamp":1778542445379}
{"sessionId":"e43b30","runId":"initial","hypothesisId":"H1","location":"VerificationController.php","message":"resend_entered","data":{"has_user":true,"auth_id":1},"timestamp":1778582437135}
{"sessionId":"e43b30","runId":"initial","hypothesisId":"H2","location":"VerificationController.php","message":"before_send_notification","data":{"user_id":1,"has_verified_email_method":true,"already_verified":false,"mail_mailer":"array","mail_host":"smtp.gmail.com","mail_port":"465","mail_scheme":null,"mail_encryption_env":"ssl"},"timestamp":1778582437136}
{"sessionId":"e43b30","runId":"initial","hypothesisId":"H2","location":"VerificationController.php","message":"send_notification_success","data":{"user_id":1},"timestamp":1778582437137}
{"sessionId":"e43b30","runId":"initial","hypothesisId":"H1","location":"VerificationController.php","message":"resend_entered","data":{"has_user":true,"auth_id":1},"timestamp":1778582437191}
{"sessionId":"e43b30","runId":"initial","hypothesisId":"H2","location":"VerificationController.php","message":"before_send_notification","data":{"user_id":1,"has_verified_email_method":true,"already_verified":false,"mail_mailer":"array","mail_host":"smtp.gmail.com","mail_port":"465","mail_scheme":null,"mail_encryption_env":"ssl"},"timestamp":1778582437192}
{"sessionId":"e43b30","runId":"initial","hypothesisId":"H2","location":"VerificationController.php","message":"send_notification_success","data":{"user_id":1},"timestamp":1778582437193}
{"sessionId":"e43b30","runId":"initial","hypothesisId":"H1","location":"VerificationController.php","message":"resend_entered","data":{"has_user":true,"auth_id":1},"timestamp":1778582437197}
{"sessionId":"e43b30","runId":"initial","hypothesisId":"H2","location":"VerificationController.php","message":"before_send_notification","data":{"user_id":1,"has_verified_email_method":true,"already_verified":false,"mail_mailer":"array","mail_host":"smtp.gmail.com","mail_port":"465","mail_scheme":null,"mail_encryption_env":"ssl"},"timestamp":1778582437198}
{"sessionId":"e43b30","runId":"initial","hypothesisId":"H2","location":"VerificationController.php","message":"send_notification_success","data":{"user_id":1},"timestamp":1778582437199}
{"sessionId":"e43b30","runId":"initial","hypothesisId":"H1","location":"VerificationController.php","message":"resend_entered","data":{"has_user":true,"auth_id":1},"timestamp":1778582437202}
{"sessionId":"e43b30","runId":"initial","hypothesisId":"H2","location":"VerificationController.php","message":"before_send_notification","data":{"user_id":1,"has_verified_email_method":true,"already_verified":false,"mail_mailer":"array","mail_host":"smtp.gmail.com","mail_port":"465","mail_scheme":null,"mail_encryption_env":"ssl"},"timestamp":1778582437203}
{"sessionId":"e43b30","runId":"initial","hypothesisId":"H2","location":"VerificationController.php","message":"send_notification_success","data":{"user_id":1},"timestamp":1778582437203}
{"sessionId":"e43b30","runId":"initial","hypothesisId":"H1","location":"VerificationController.php","message":"resend_entered","data":{"has_user":true,"auth_id":1},"timestamp":1778582437206}
{"sessionId":"e43b30","runId":"initial","hypothesisId":"H2","location":"VerificationController.php","message":"before_send_notification","data":{"user_id":1,"has_verified_email_method":true,"already_verified":false,"mail_mailer":"array","mail_host":"smtp.gmail.com","mail_port":"465","mail_scheme":null,"mail_encryption_env":"ssl"},"timestamp":1778582437207}
{"sessionId":"e43b30","runId":"initial","hypothesisId":"H2","location":"VerificationController.php","message":"send_notification_success","data":{"user_id":1},"timestamp":1778582437208}
{"sessionId":"e43b30","runId":"initial","hypothesisId":"H1","location":"VerificationController.php","message":"resend_entered","data":{"has_user":true,"auth_id":1},"timestamp":1778582437211}
{"sessionId":"e43b30","runId":"initial","hypothesisId":"H2","location":"VerificationController.php","message":"before_send_notification","data":{"user_id":1,"has_verified_email_method":true,"already_verified":false,"mail_mailer":"array","mail_host":"smtp.gmail.com","mail_port":"465","mail_scheme":null,"mail_encryption_env":"ssl"},"timestamp":1778582437213}
{"sessionId":"e43b30","runId":"initial","hypothesisId":"H2","location":"VerificationController.php","message":"send_notification_success","data":{"user_id":1},"timestamp":1778582437213}
{"sessionId":"e43b30","runId":"initial","hypothesisId":"H1","location":"VerificationController.php","message":"resend_entered","data":{"has_user":true,"auth_id":1},"timestamp":1778582437217}
{"sessionId":"e43b30","runId":"initial","hypothesisId":"H2","location":"VerificationController.php","message":"before_send_notification","data":{"user_id":1,"has_verified_email_method":true,"already_verified":false,"mail_mailer":"array","mail_host":"smtp.gmail.com","mail_port":"465","mail_scheme":null,"mail_encryption_env":"ssl"},"timestamp":1778582437218}
{"sessionId":"e43b30","runId":"initial","hypothesisId":"H2","location":"VerificationController.php","message":"send_notification_success","data":{"user_id":1},"timestamp":1778582437218}
{"sessionId":"e43b30","runId":"initial","hypothesisId":"H1","location":"VerificationController.php","message":"resend_entered","data":{"has_user":true,"auth_id":1},"timestamp":1778598258903}
{"sessionId":"e43b30","runId":"initial","hypothesisId":"H2","location":"VerificationController.php","message":"before_send_notification","data":{"user_id":1,"has_verified_email_method":true,"already_verified":false,"mail_mailer":"array","mail_host":"smtp.gmail.com","mail_port":"465","mail_scheme":null,"mail_encryption_env":"ssl"},"timestamp":1778598258904}
{"sessionId":"e43b30","runId":"initial","hypothesisId":"H2","location":"VerificationController.php","message":"send_notification_success","data":{"user_id":1},"timestamp":1778598258905}
{"sessionId":"e43b30","runId":"initial","hypothesisId":"H1","location":"VerificationController.php","message":"resend_entered","data":{"has_user":true,"auth_id":1},"timestamp":1778598258930}
{"sessionId":"e43b30","runId":"initial","hypothesisId":"H2","location":"VerificationController.php","message":"before_send_notification","data":{"user_id":1,"has_verified_email_method":true,"already_verified":false,"mail_mailer":"array","mail_host":"smtp.gmail.com","mail_port":"465","mail_scheme":null,"mail_encryption_env":"ssl"},"timestamp":1778598258930}
{"sessionId":"e43b30","runId":"initial","hypothesisId":"H2","location":"VerificationController.php","message":"send_notification_success","data":{"user_id":1},"timestamp":1778598258931}
{"sessionId":"e43b30","runId":"initial","hypothesisId":"H1","location":"VerificationController.php","message":"resend_entered","data":{"has_user":true,"auth_id":1},"timestamp":1778598258933}
{"sessionId":"e43b30","runId":"initial","hypothesisId":"H2","location":"VerificationController.php","message":"before_send_notification","data":{"user_id":1,"has_verified_email_method":true,"already_verified":false,"mail_mailer":"array","mail_host":"smtp.gmail.com","mail_port":"465","mail_scheme":null,"mail_encryption_env":"ssl"},"timestamp":1778598258934}
{"sessionId":"e43b30","runId":"initial","hypothesisId":"H2","location":"VerificationController.php","message":"send_notification_success","data":{"user_id":1},"timestamp":1778598258934}
{"sessionId":"e43b30","runId":"initial","hypothesisId":"H1","location":"VerificationController.php","message":"resend_entered","data":{"has_user":true,"auth_id":1},"timestamp":1778598258936}
{"sessionId":"e43b30","runId":"initial","hypothesisId":"H2","location":"VerificationController.php","message":"before_send_notification","data":{"user_id":1,"has_verified_email_method":true,"already_verified":false,"mail_mailer":"array","mail_host":"smtp.gmail.com","mail_port":"465","mail_scheme":null,"mail_encryption_env":"ssl"},"timestamp":1778598258936}
{"sessionId":"e43b30","runId":"initial","hypothesisId":"H2","location":"VerificationController.php","message":"send_notification_success","data":{"user_id":1},"timestamp":1778598258937}
{"sessionId":"e43b30","runId":"initial","hypothesisId":"H1","location":"VerificationController.php","message":"resend_entered","data":{"has_user":true,"auth_id":1},"timestamp":1778598258939}
{"sessionId":"e43b30","runId":"initial","hypothesisId":"H2","location":"VerificationController.php","message":"before_send_notification","data":{"user_id":1,"has_verified_email_method":true,"already_verified":false,"mail_mailer":"array","mail_host":"smtp.gmail.com","mail_port":"465","mail_scheme":null,"mail_encryption_env":"ssl"},"timestamp":1778598258939}
{"sessionId":"e43b30","runId":"initial","hypothesisId":"H2","location":"VerificationController.php","message":"send_notification_success","data":{"user_id":1},"timestamp":1778598258940}
{"sessionId":"e43b30","runId":"initial","hypothesisId":"H1","location":"VerificationController.php","message":"resend_entered","data":{"has_user":true,"auth_id":1},"timestamp":1778598258941}
{"sessionId":"e43b30","runId":"initial","hypothesisId":"H2","location":"VerificationController.php","message":"before_send_notification","data":{"user_id":1,"has_verified_email_method":true,"already_verified":false,"mail_mailer":"array","mail_host":"smtp.gmail.com","mail_port":"465","mail_scheme":null,"mail_encryption_env":"ssl"},"timestamp":1778598258942}
{"sessionId":"e43b30","runId":"initial","hypothesisId":"H2","location":"VerificationController.php","message":"send_notification_success","data":{"user_id":1},"timestamp":1778598258942}
{"sessionId":"e43b30","runId":"initial","hypothesisId":"H1","location":"VerificationController.php","message":"resend_entered","data":{"has_user":true,"auth_id":1},"timestamp":1778598258943}
{"sessionId":"e43b30","runId":"initial","hypothesisId":"H2","location":"VerificationController.php","message":"before_send_notification","data":{"user_id":1,"has_verified_email_method":true,"already_verified":false,"mail_mailer":"array","mail_host":"smtp.gmail.com","mail_port":"465","mail_scheme":null,"mail_encryption_env":"ssl"},"timestamp":1778598258944}
{"sessionId":"e43b30","runId":"initial","hypothesisId":"H2","location":"VerificationController.php","message":"send_notification_success","data":{"user_id":1},"timestamp":1778598258944}
{"sessionId":"e43b30","runId":"initial","hypothesisId":"H1","location":"VerificationController.php","message":"resend_entered","data":{"has_user":true,"auth_id":1},"timestamp":1778611619005}
{"sessionId":"e43b30","runId":"initial","hypothesisId":"H2","location":"VerificationController.php","message":"before_send_notification","data":{"user_id":1,"has_verified_email_method":true,"already_verified":false,"mail_mailer":"array","mail_host":"smtp.gmail.com","mail_port":"465","mail_scheme":null,"mail_encryption_env":"ssl"},"timestamp":1778611619006}
{"sessionId":"e43b30","runId":"initial","hypothesisId":"H2","location":"VerificationController.php","message":"send_notification_success","data":{"user_id":1},"timestamp":1778611619006}
{"sessionId":"e43b30","runId":"initial","hypothesisId":"H1","location":"VerificationController.php","message":"resend_entered","data":{"has_user":true,"auth_id":1},"timestamp":1778611619021}
{"sessionId":"e43b30","runId":"initial","hypothesisId":"H2","location":"VerificationController.php","message":"before_send_notification","data":{"user_id":1,"has_verified_email_method":true,"already_verified":false,"mail_mailer":"array","mail_host":"smtp.gmail.com","mail_port":"465","mail_scheme":null,"mail_encryption_env":"ssl"},"timestamp":1778611619021}
{"sessionId":"e43b30","runId":"initial","hypothesisId":"H2","location":"VerificationController.php","message":"send_notification_success","data":{"user_id":1},"timestamp":1778611619021}
{"sessionId":"e43b30","runId":"initial","hypothesisId":"H1","location":"VerificationController.php","message":"resend_entered","data":{"has_user":true,"auth_id":1},"timestamp":1778611619023}
{"sessionId":"e43b30","runId":"initial","hypothesisId":"H2","location":"VerificationController.php","message":"before_send_notification","data":{"user_id":1,"has_verified_email_method":true,"already_verified":false,"mail_mailer":"array","mail_host":"smtp.gmail.com","mail_port":"465","mail_scheme":null,"mail_encryption_env":"ssl"},"timestamp":1778611619023}
{"sessionId":"e43b30","runId":"initial","hypothesisId":"H2","location":"VerificationController.php","message":"send_notification_success","data":{"user_id":1},"timestamp":1778611619023}
{"sessionId":"e43b30","runId":"initial","hypothesisId":"H1","location":"VerificationController.php","message":"resend_entered","data":{"has_user":true,"auth_id":1},"timestamp":1778611619024}
{"sessionId":"e43b30","runId":"initial","hypothesisId":"H2","location":"VerificationController.php","message":"before_send_notification","data":{"user_id":1,"has_verified_email_method":true,"already_verified":false,"mail_mailer":"array","mail_host":"smtp.gmail.com","mail_port":"465","mail_scheme":null,"mail_encryption_env":"ssl"},"timestamp":1778611619024}
{"sessionId":"e43b30","runId":"initial","hypothesisId":"H2","location":"VerificationController.php","message":"send_notification_success","data":{"user_id":1},"timestamp":1778611619024}
{"sessionId":"e43b30","runId":"initial","hypothesisId":"H1","location":"VerificationController.php","message":"resend_entered","data":{"has_user":true,"auth_id":1},"timestamp":1778611619025}
{"sessionId":"e43b30","runId":"initial","hypothesisId":"H2","location":"VerificationController.php","message":"before_send_notification","data":{"user_id":1,"has_verified_email_method":true,"already_verified":false,"mail_mailer":"array","mail_host":"smtp.gmail.com","mail_port":"465","mail_scheme":null,"mail_encryption_env":"ssl"},"timestamp":1778611619025}
{"sessionId":"e43b30","runId":"initial","hypothesisId":"H2","location":"VerificationController.php","message":"send_notification_success","data":{"user_id":1},"timestamp":1778611619025}
{"sessionId":"e43b30","runId":"initial","hypothesisId":"H1","location":"VerificationController.php","message":"resend_entered","data":{"has_user":true,"auth_id":1},"timestamp":1778611619026}
{"sessionId":"e43b30","runId":"initial","hypothesisId":"H2","location":"VerificationController.php","message":"before_send_notification","data":{"user_id":1,"has_verified_email_method":true,"already_verified":false,"mail_mailer":"array","mail_host":"smtp.gmail.com","mail_port":"465","mail_scheme":null,"mail_encryption_env":"ssl"},"timestamp":1778611619026}
{"sessionId":"e43b30","runId":"initial","hypothesisId":"H2","location":"VerificationController.php","message":"send_notification_success","data":{"user_id":1},"timestamp":1778611619026}
{"sessionId":"e43b30","runId":"initial","hypothesisId":"H1","location":"VerificationController.php","message":"resend_entered","data":{"has_user":true,"auth_id":1},"timestamp":1778611619027}
{"sessionId":"e43b30","runId":"initial","hypothesisId":"H2","location":"VerificationController.php","message":"before_send_notification","data":{"user_id":1,"has_verified_email_method":true,"already_verified":false,"mail_mailer":"array","mail_host":"smtp.gmail.com","mail_port":"465","mail_scheme":null,"mail_encryption_env":"ssl"},"timestamp":1778611619027}
{"sessionId":"e43b30","runId":"initial","hypothesisId":"H2","location":"VerificationController.php","message":"send_notification_success","data":{"user_id":1},"timestamp":1778611619028}
{"sessionId":"e43b30","runId":"initial","hypothesisId":"H1","location":"VerificationController.php","message":"resend_entered","data":{"has_user":true,"auth_id":1},"timestamp":1778613100238}
{"sessionId":"e43b30","runId":"initial","hypothesisId":"H2","location":"VerificationController.php","message":"before_send_notification","data":{"user_id":1,"has_verified_email_method":true,"already_verified":false,"mail_mailer":"array","mail_host":"smtp.gmail.com","mail_port":"465","mail_scheme":null,"mail_encryption_env":"ssl"},"timestamp":1778613100239}
{"sessionId":"e43b30","runId":"initial","hypothesisId":"H2","location":"VerificationController.php","message":"send_notification_success","data":{"user_id":1},"timestamp":1778613100239}
{"sessionId":"e43b30","runId":"initial","hypothesisId":"H1","location":"VerificationController.php","message":"resend_entered","data":{"has_user":true,"auth_id":1},"timestamp":1778613100253}
{"sessionId":"e43b30","runId":"initial","hypothesisId":"H2","location":"VerificationController.php","message":"before_send_notification","data":{"user_id":1,"has_verified_email_method":true,"already_verified":false,"mail_mailer":"array","mail_host":"smtp.gmail.com","mail_port":"465","mail_scheme":null,"mail_encryption_env":"ssl"},"timestamp":1778613100253}
{"sessionId":"e43b30","runId":"initial","hypothesisId":"H2","location":"VerificationController.php","message":"send_notification_success","data":{"user_id":1},"timestamp":1778613100253}
{"sessionId":"e43b30","runId":"initial","hypothesisId":"H1","location":"VerificationController.php","message":"resend_entered","data":{"has_user":true,"auth_id":1},"timestamp":1778613100254}
{"sessionId":"e43b30","runId":"initial","hypothesisId":"H2","location":"VerificationController.php","message":"before_send_notification","data":{"user_id":1,"has_verified_email_method":true,"already_verified":false,"mail_mailer":"array","mail_host":"smtp.gmail.com","mail_port":"465","mail_scheme":null,"mail_encryption_env":"ssl"},"timestamp":1778613100255}
{"sessionId":"e43b30","runId":"initial","hypothesisId":"H2","location":"VerificationController.php","message":"send_notification_success","data":{"user_id":1},"timestamp":1778613100255}
{"sessionId":"e43b30","runId":"initial","hypothesisId":"H1","location":"VerificationController.php","message":"resend_entered","data":{"has_user":true,"auth_id":1},"timestamp":1778613100256}
{"sessionId":"e43b30","runId":"initial","hypothesisId":"H2","location":"VerificationController.php","message":"before_send_notification","data":{"user_id":1,"has_verified_email_method":true,"already_verified":false,"mail_mailer":"array","mail_host":"smtp.gmail.com","mail_port":"465","mail_scheme":null,"mail_encryption_env":"ssl"},"timestamp":1778613100256}
{"sessionId":"e43b30","runId":"initial","hypothesisId":"H2","location":"VerificationController.php","message":"send_notification_success","data":{"user_id":1},"timestamp":1778613100256}
{"sessionId":"e43b30","runId":"initial","hypothesisId":"H1","location":"VerificationController.php","message":"resend_entered","data":{"has_user":true,"auth_id":1},"timestamp":1778613100257}
{"sessionId":"e43b30","runId":"initial","hypothesisId":"H2","location":"VerificationController.php","message":"before_send_notification","data":{"user_id":1,"has_verified_email_method":true,"already_verified":false,"mail_mailer":"array","mail_host":"smtp.gmail.com","mail_port":"465","mail_scheme":null,"mail_encryption_env":"ssl"},"timestamp":1778613100257}
{"sessionId":"e43b30","runId":"initial","hypothesisId":"H2","location":"VerificationController.php","message":"send_notification_success","data":{"user_id":1},"timestamp":1778613100257}
{"sessionId":"e43b30","runId":"initial","hypothesisId":"H1","location":"VerificationController.php","message":"resend_entered","data":{"has_user":true,"auth_id":1},"timestamp":1778613100258}
{"sessionId":"e43b30","runId":"initial","hypothesisId":"H2","location":"VerificationController.php","message":"before_send_notification","data":{"user_id":1,"has_verified_email_method":true,"already_verified":false,"mail_mailer":"array","mail_host":"smtp.gmail.com","mail_port":"465","mail_scheme":null,"mail_encryption_env":"ssl"},"timestamp":1778613100258}
{"sessionId":"e43b30","runId":"initial","hypothesisId":"H2","location":"VerificationController.php","message":"send_notification_success","data":{"user_id":1},"timestamp":1778613100258}
{"sessionId":"e43b30","runId":"initial","hypothesisId":"H1","location":"VerificationController.php","message":"resend_entered","data":{"has_user":true,"auth_id":1},"timestamp":1778613100259}
{"sessionId":"e43b30","runId":"initial","hypothesisId":"H2","location":"VerificationController.php","message":"before_send_notification","data":{"user_id":1,"has_verified_email_method":true,"already_verified":false,"mail_mailer":"array","mail_host":"smtp.gmail.com","mail_port":"465","mail_scheme":null,"mail_encryption_env":"ssl"},"timestamp":1778613100259}
{"sessionId":"e43b30","runId":"initial","hypothesisId":"H2","location":"VerificationController.php","message":"send_notification_success","data":{"user_id":1},"timestamp":1778613100259}
{"sessionId":"e43b30","runId":"initial","hypothesisId":"H1","location":"VerificationController.php","message":"resend_entered","data":{"has_user":true,"auth_id":1},"timestamp":1778615839647}
{"sessionId":"e43b30","runId":"initial","hypothesisId":"H2","location":"VerificationController.php","message":"before_send_notification","data":{"user_id":1,"has_verified_email_method":true,"already_verified":false,"mail_mailer":"array","mail_host":"smtp.gmail.com","mail_port":"465","mail_scheme":null,"mail_encryption_env":"ssl"},"timestamp":1778615839647}
{"sessionId":"e43b30","runId":"initial","hypothesisId":"H2","location":"VerificationController.php","message":"send_notification_success","data":{"user_id":1},"timestamp":1778615839647}
{"sessionId":"e43b30","runId":"initial","hypothesisId":"H1","location":"VerificationController.php","message":"resend_entered","data":{"has_user":true,"auth_id":1},"timestamp":1778615839665}
{"sessionId":"e43b30","runId":"initial","hypothesisId":"H2","location":"VerificationController.php","message":"before_send_notification","data":{"user_id":1,"has_verified_email_method":true,"already_verified":false,"mail_mailer":"array","mail_host":"smtp.gmail.com","mail_port":"465","mail_scheme":null,"mail_encryption_env":"ssl"},"timestamp":1778615839666}
{"sessionId":"e43b30","runId":"initial","hypothesisId":"H2","location":"VerificationController.php","message":"send_notification_success","data":{"user_id":1},"timestamp":1778615839666}
{"sessionId":"e43b30","runId":"initial","hypothesisId":"H1","location":"VerificationController.php","message":"resend_entered","data":{"has_user":true,"auth_id":1},"timestamp":1778615839667}
{"sessionId":"e43b30","runId":"initial","hypothesisId":"H2","location":"VerificationController.php","message":"before_send_notification","data":{"user_id":1,"has_verified_email_method":true,"already_verified":false,"mail_mailer":"array","mail_host":"smtp.gmail.com","mail_port":"465","mail_scheme":null,"mail_encryption_env":"ssl"},"timestamp":1778615839667}
{"sessionId":"e43b30","runId":"initial","hypothesisId":"H2","location":"VerificationController.php","message":"send_notification_success","data":{"user_id":1},"timestamp":1778615839667}
{"sessionId":"e43b30","runId":"initial","hypothesisId":"H1","location":"VerificationController.php","message":"resend_entered","data":{"has_user":true,"auth_id":1},"timestamp":1778615839668}
{"sessionId":"e43b30","runId":"initial","hypothesisId":"H2","location":"VerificationController.php","message":"before_send_notification","data":{"user_id":1,"has_verified_email_method":true,"already_verified":false,"mail_mailer":"array","mail_host":"smtp.gmail.com","mail_port":"465","mail_scheme":null,"mail_encryption_env":"ssl"},"timestamp":1778615839668}
{"sessionId":"e43b30","runId":"initial","hypothesisId":"H2","location":"VerificationController.php","message":"send_notification_success","data":{"user_id":1},"timestamp":1778615839669}
{"sessionId":"e43b30","runId":"initial","hypothesisId":"H1","location":"VerificationController.php","message":"resend_entered","data":{"has_user":true,"auth_id":1},"timestamp":1778615839669}
{"sessionId":"e43b30","runId":"initial","hypothesisId":"H2","location":"VerificationController.php","message":"before_send_notification","data":{"user_id":1,"has_verified_email_method":true,"already_verified":false,"mail_mailer":"array","mail_host":"smtp.gmail.com","mail_port":"465","mail_scheme":null,"mail_encryption_env":"ssl"},"timestamp":1778615839669}
{"sessionId":"e43b30","runId":"initial","hypothesisId":"H2","location":"VerificationController.php","message":"send_notification_success","data":{"user_id":1},"timestamp":1778615839670}
{"sessionId":"e43b30","runId":"initial","hypothesisId":"H1","location":"VerificationController.php","message":"resend_entered","data":{"has_user":true,"auth_id":1},"timestamp":1778615839670}
{"sessionId":"e43b30","runId":"initial","hypothesisId":"H2","location":"VerificationController.php","message":"before_send_notification","data":{"user_id":1,"has_verified_email_method":true,"already_verified":false,"mail_mailer":"array","mail_host":"smtp.gmail.com","mail_port":"465","mail_scheme":null,"mail_encryption_env":"ssl"},"timestamp":1778615839670}
{"sessionId":"e43b30","runId":"initial","hypothesisId":"H2","location":"VerificationController.php","message":"send_notification_success","data":{"user_id":1},"timestamp":1778615839671}
{"sessionId":"e43b30","runId":"initial","hypothesisId":"H1","location":"VerificationController.php","message":"resend_entered","data":{"has_user":true,"auth_id":1},"timestamp":1778615839671}
{"sessionId":"e43b30","runId":"initial","hypothesisId":"H2","location":"VerificationController.php","message":"before_send_notification","data":{"user_id":1,"has_verified_email_method":true,"already_verified":false,"mail_mailer":"array","mail_host":"smtp.gmail.com","mail_port":"465","mail_scheme":null,"mail_encryption_env":"ssl"},"timestamp":1778615839672}
{"sessionId":"e43b30","runId":"initial","hypothesisId":"H2","location":"VerificationController.php","message":"send_notification_success","data":{"user_id":1},"timestamp":1778615839672}
{"sessionId":"e43b30","runId":"initial","hypothesisId":"H1","location":"VerificationController.php","message":"resend_entered","data":{"has_user":true,"auth_id":1},"timestamp":1778616281700}
{"sessionId":"e43b30","runId":"initial","hypothesisId":"H2","location":"VerificationController.php","message":"before_send_notification","data":{"user_id":1,"has_verified_email_method":true,"already_verified":false,"mail_mailer":"array","mail_host":"smtp.gmail.com","mail_port":"465","mail_scheme":null,"mail_encryption_env":"ssl"},"timestamp":1778616281700}
{"sessionId":"e43b30","runId":"initial","hypothesisId":"H2","location":"VerificationController.php","message":"send_notification_success","data":{"user_id":1},"timestamp":1778616281701}
{"sessionId":"e43b30","runId":"initial","hypothesisId":"H1","location":"VerificationController.php","message":"resend_entered","data":{"has_user":true,"auth_id":1},"timestamp":1778616281714}
{"sessionId":"e43b30","runId":"initial","hypothesisId":"H2","location":"VerificationController.php","message":"before_send_notification","data":{"user_id":1,"has_verified_email_method":true,"already_verified":false,"mail_mailer":"array","mail_host":"smtp.gmail.com","mail_port":"465","mail_scheme":null,"mail_encryption_env":"ssl"},"timestamp":1778616281714}
{"sessionId":"e43b30","runId":"initial","hypothesisId":"H2","location":"VerificationController.php","message":"send_notification_success","data":{"user_id":1},"timestamp":1778616281715}
{"sessionId":"e43b30","runId":"initial","hypothesisId":"H1","location":"VerificationController.php","message":"resend_entered","data":{"has_user":true,"auth_id":1},"timestamp":1778616281716}
{"sessionId":"e43b30","runId":"initial","hypothesisId":"H2","location":"VerificationController.php","message":"before_send_notification","data":{"user_id":1,"has_verified_email_method":true,"already_verified":false,"mail_mailer":"array","mail_host":"smtp.gmail.com","mail_port":"465","mail_scheme":null,"mail_encryption_env":"ssl"},"timestamp":1778616281716}
{"sessionId":"e43b30","runId":"initial","hypothesisId":"H2","location":"VerificationController.php","message":"send_notification_success","data":{"user_id":1},"timestamp":1778616281716}
{"sessionId":"e43b30","runId":"initial","hypothesisId":"H1","location":"VerificationController.php","message":"resend_entered","data":{"has_user":true,"auth_id":1},"timestamp":1778616281717}
{"sessionId":"e43b30","runId":"initial","hypothesisId":"H2","location":"VerificationController.php","message":"before_send_notification","data":{"user_id":1,"has_verified_email_method":true,"already_verified":false,"mail_mailer":"array","mail_host":"smtp.gmail.com","mail_port":"465","mail_scheme":null,"mail_encryption_env":"ssl"},"timestamp":1778616281717}
{"sessionId":"e43b30","runId":"initial","hypothesisId":"H2","location":"VerificationController.php","message":"send_notification_success","data":{"user_id":1},"timestamp":1778616281717}
{"sessionId":"e43b30","runId":"initial","hypothesisId":"H1","location":"VerificationController.php","message":"resend_entered","data":{"has_user":true,"auth_id":1},"timestamp":1778616281718}
{"sessionId":"e43b30","runId":"initial","hypothesisId":"H2","location":"VerificationController.php","message":"before_send_notification","data":{"user_id":1,"has_verified_email_method":true,"already_verified":false,"mail_mailer":"array","mail_host":"smtp.gmail.com","mail_port":"465","mail_scheme":null,"mail_encryption_env":"ssl"},"timestamp":1778616281718}
{"sessionId":"e43b30","runId":"initial","hypothesisId":"H2","location":"VerificationController.php","message":"send_notification_success","data":{"user_id":1},"timestamp":1778616281718}
{"sessionId":"e43b30","runId":"initial","hypothesisId":"H1","location":"VerificationController.php","message":"resend_entered","data":{"has_user":true,"auth_id":1},"timestamp":1778616281719}
{"sessionId":"e43b30","runId":"initial","hypothesisId":"H2","location":"VerificationController.php","message":"before_send_notification","data":{"user_id":1,"has_verified_email_method":true,"already_verified":false,"mail_mailer":"array","mail_host":"smtp.gmail.com","mail_port":"465","mail_scheme":null,"mail_encryption_env":"ssl"},"timestamp":1778616281719}
{"sessionId":"e43b30","runId":"initial","hypothesisId":"H2","location":"VerificationController.php","message":"send_notification_success","data":{"user_id":1},"timestamp":1778616281720}
{"sessionId":"e43b30","runId":"initial","hypothesisId":"H1","location":"VerificationController.php","message":"resend_entered","data":{"has_user":true,"auth_id":1},"timestamp":1778616281720}
{"sessionId":"e43b30","runId":"initial","hypothesisId":"H2","location":"VerificationController.php","message":"before_send_notification","data":{"user_id":1,"has_verified_email_method":true,"already_verified":false,"mail_mailer":"array","mail_host":"smtp.gmail.com","mail_port":"465","mail_scheme":null,"mail_encryption_env":"ssl"},"timestamp":1778616281720}
{"sessionId":"e43b30","runId":"initial","hypothesisId":"H2","location":"VerificationController.php","message":"send_notification_success","data":{"user_id":1},"timestamp":1778616281721}
{"sessionId":"e43b30","runId":"initial","hypothesisId":"H1","location":"VerificationController.php","message":"resend_entered","data":{"has_user":true,"auth_id":1},"timestamp":1778616702815}
{"sessionId":"e43b30","runId":"initial","hypothesisId":"H2","location":"VerificationController.php","message":"before_send_notification","data":{"user_id":1,"has_verified_email_method":true,"already_verified":false,"mail_mailer":"array","mail_host":"smtp.gmail.com","mail_port":"465","mail_scheme":null,"mail_encryption_env":"ssl"},"timestamp":1778616702815}
{"sessionId":"e43b30","runId":"initial","hypothesisId":"H2","location":"VerificationController.php","message":"send_notification_success","data":{"user_id":1},"timestamp":1778616702816}
{"sessionId":"e43b30","runId":"initial","hypothesisId":"H1","location":"VerificationController.php","message":"resend_entered","data":{"has_user":true,"auth_id":1},"timestamp":1778616702833}
{"sessionId":"e43b30","runId":"initial","hypothesisId":"H2","location":"VerificationController.php","message":"before_send_notification","data":{"user_id":1,"has_verified_email_method":true,"already_verified":false,"mail_mailer":"array","mail_host":"smtp.gmail.com","mail_port":"465","mail_scheme":null,"mail_encryption_env":"ssl"},"timestamp":1778616702833}
{"sessionId":"e43b30","runId":"initial","hypothesisId":"H2","location":"VerificationController.php","message":"send_notification_success","data":{"user_id":1},"timestamp":1778616702833}
{"sessionId":"e43b30","runId":"initial","hypothesisId":"H1","location":"VerificationController.php","message":"resend_entered","data":{"has_user":true,"auth_id":1},"timestamp":1778616702834}
{"sessionId":"e43b30","runId":"initial","hypothesisId":"H2","location":"VerificationController.php","message":"before_send_notification","data":{"user_id":1,"has_verified_email_method":true,"already_verified":false,"mail_mailer":"array","mail_host":"smtp.gmail.com","mail_port":"465","mail_scheme":null,"mail_encryption_env":"ssl"},"timestamp":1778616702835}
{"sessionId":"e43b30","runId":"initial","hypothesisId":"H2","location":"VerificationController.php","message":"send_notification_success","data":{"user_id":1},"timestamp":1778616702835}
{"sessionId":"e43b30","runId":"initial","hypothesisId":"H1","location":"VerificationController.php","message":"resend_entered","data":{"has_user":true,"auth_id":1},"timestamp":1778616702836}
{"sessionId":"e43b30","runId":"initial","hypothesisId":"H2","location":"VerificationController.php","message":"before_send_notification","data":{"user_id":1,"has_verified_email_method":true,"already_verified":false,"mail_mailer":"array","mail_host":"smtp.gmail.com","mail_port":"465","mail_scheme":null,"mail_encryption_env":"ssl"},"timestamp":1778616702836}
{"sessionId":"e43b30","runId":"initial","hypothesisId":"H2","location":"VerificationController.php","message":"send_notification_success","data":{"user_id":1},"timestamp":1778616702836}
{"sessionId":"e43b30","runId":"initial","hypothesisId":"H1","location":"VerificationController.php","message":"resend_entered","data":{"has_user":true,"auth_id":1},"timestamp":1778616702837}
{"sessionId":"e43b30","runId":"initial","hypothesisId":"H2","location":"VerificationController.php","message":"before_send_notification","data":{"user_id":1,"has_verified_email_method":true,"already_verified":false,"mail_mailer":"array","mail_host":"smtp.gmail.com","mail_port":"465","mail_scheme":null,"mail_encryption_env":"ssl"},"timestamp":1778616702837}
{"sessionId":"e43b30","runId":"initial","hypothesisId":"H2","location":"VerificationController.php","message":"send_notification_success","data":{"user_id":1},"timestamp":1778616702837}
{"sessionId":"e43b30","runId":"initial","hypothesisId":"H1","location":"VerificationController.php","message":"resend_entered","data":{"has_user":true,"auth_id":1},"timestamp":1778616702838}
{"sessionId":"e43b30","runId":"initial","hypothesisId":"H2","location":"VerificationController.php","message":"before_send_notification","data":{"user_id":1,"has_verified_email_method":true,"already_verified":false,"mail_mailer":"array","mail_host":"smtp.gmail.com","mail_port":"465","mail_scheme":null,"mail_encryption_env":"ssl"},"timestamp":1778616702838}
{"sessionId":"e43b30","runId":"initial","hypothesisId":"H2","location":"VerificationController.php","message":"send_notification_success","data":{"user_id":1},"timestamp":1778616702838}
{"sessionId":"e43b30","runId":"initial","hypothesisId":"H1","location":"VerificationController.php","message":"resend_entered","data":{"has_user":true,"auth_id":1},"timestamp":1778616702839}
{"sessionId":"e43b30","runId":"initial","hypothesisId":"H2","location":"VerificationController.php","message":"before_send_notification","data":{"user_id":1,"has_verified_email_method":true,"already_verified":false,"mail_mailer":"array","mail_host":"smtp.gmail.com","mail_port":"465","mail_scheme":null,"mail_encryption_env":"ssl"},"timestamp":1778616702839}
{"sessionId":"e43b30","runId":"initial","hypothesisId":"H2","location":"VerificationController.php","message":"send_notification_success","data":{"user_id":1},"timestamp":1778616702840}
{"sessionId":"e43b30","runId":"initial","hypothesisId":"H1","location":"VerificationController.php","message":"resend_entered","data":{"has_user":true,"auth_id":1},"timestamp":1778617154485}
{"sessionId":"e43b30","runId":"initial","hypothesisId":"H2","location":"VerificationController.php","message":"before_send_notification","data":{"user_id":1,"has_verified_email_method":true,"already_verified":false,"mail_mailer":"array","mail_host":"smtp.gmail.com","mail_port":"465","mail_scheme":null,"mail_encryption_env":"ssl"},"timestamp":1778617154485}
{"sessionId":"e43b30","runId":"initial","hypothesisId":"H2","location":"VerificationController.php","message":"send_notification_success","data":{"user_id":1},"timestamp":1778617154485}
{"sessionId":"e43b30","runId":"initial","hypothesisId":"H1","location":"VerificationController.php","message":"resend_entered","data":{"has_user":true,"auth_id":1},"timestamp":1778617154499}
{"sessionId":"e43b30","runId":"initial","hypothesisId":"H2","location":"VerificationController.php","message":"before_send_notification","data":{"user_id":1,"has_verified_email_method":true,"already_verified":false,"mail_mailer":"array","mail_host":"smtp.gmail.com","mail_port":"465","mail_scheme":null,"mail_encryption_env":"ssl"},"timestamp":1778617154499}
{"sessionId":"e43b30","runId":"initial","hypothesisId":"H2","location":"VerificationController.php","message":"send_notification_success","data":{"user_id":1},"timestamp":1778617154499}
{"sessionId":"e43b30","runId":"initial","hypothesisId":"H1","location":"VerificationController.php","message":"resend_entered","data":{"has_user":true,"auth_id":1},"timestamp":1778617154500}
{"sessionId":"e43b30","runId":"initial","hypothesisId":"H2","location":"VerificationController.php","message":"before_send_notification","data":{"user_id":1,"has_verified_email_method":true,"already_verified":false,"mail_mailer":"array","mail_host":"smtp.gmail.com","mail_port":"465","mail_scheme":null,"mail_encryption_env":"ssl"},"timestamp":1778617154500}
{"sessionId":"e43b30","runId":"initial","hypothesisId":"H2","location":"VerificationController.php","message":"send_notification_success","data":{"user_id":1},"timestamp":1778617154500}
{"sessionId":"e43b30","runId":"initial","hypothesisId":"H1","location":"VerificationController.php","message":"resend_entered","data":{"has_user":true,"auth_id":1},"timestamp":1778617154501}
{"sessionId":"e43b30","runId":"initial","hypothesisId":"H2","location":"VerificationController.php","message":"before_send_notification","data":{"user_id":1,"has_verified_email_method":true,"already_verified":false,"mail_mailer":"array","mail_host":"smtp.gmail.com","mail_port":"465","mail_scheme":null,"mail_encryption_env":"ssl"},"timestamp":1778617154501}
{"sessionId":"e43b30","runId":"initial","hypothesisId":"H2","location":"VerificationController.php","message":"send_notification_success","data":{"user_id":1},"timestamp":1778617154501}
{"sessionId":"e43b30","runId":"initial","hypothesisId":"H1","location":"VerificationController.php","message":"resend_entered","data":{"has_user":true,"auth_id":1},"timestamp":1778617154502}
{"sessionId":"e43b30","runId":"initial","hypothesisId":"H2","location":"VerificationController.php","message":"before_send_notification","data":{"user_id":1,"has_verified_email_method":true,"already_verified":false,"mail_mailer":"array","mail_host":"smtp.gmail.com","mail_port":"465","mail_scheme":null,"mail_encryption_env":"ssl"},"timestamp":1778617154502}
{"sessionId":"e43b30","runId":"initial","hypothesisId":"H2","location":"VerificationController.php","message":"send_notification_success","data":{"user_id":1},"timestamp":1778617154503}
{"sessionId":"e43b30","runId":"initial","hypothesisId":"H1","location":"VerificationController.php","message":"resend_entered","data":{"has_user":true,"auth_id":1},"timestamp":1778617154503}
{"sessionId":"e43b30","runId":"initial","hypothesisId":"H2","location":"VerificationController.php","message":"before_send_notification","data":{"user_id":1,"has_verified_email_method":true,"already_verified":false,"mail_mailer":"array","mail_host":"smtp.gmail.com","mail_port":"465","mail_scheme":null,"mail_encryption_env":"ssl"},"timestamp":1778617154504}
{"sessionId":"e43b30","runId":"initial","hypothesisId":"H2","location":"VerificationController.php","message":"send_notification_success","data":{"user_id":1},"timestamp":1778617154504}
{"sessionId":"e43b30","runId":"initial","hypothesisId":"H1","location":"VerificationController.php","message":"resend_entered","data":{"has_user":true,"auth_id":1},"timestamp":1778617154505}
{"sessionId":"e43b30","runId":"initial","hypothesisId":"H2","location":"VerificationController.php","message":"before_send_notification","data":{"user_id":1,"has_verified_email_method":true,"already_verified":false,"mail_mailer":"array","mail_host":"smtp.gmail.com","mail_port":"465","mail_scheme":null,"mail_encryption_env":"ssl"},"timestamp":1778617154505}
{"sessionId":"e43b30","runId":"initial","hypothesisId":"H2","location":"VerificationController.php","message":"send_notification_success","data":{"user_id":1},"timestamp":1778617154505}
{"sessionId":"e43b30","runId":"initial","hypothesisId":"H1","location":"VerificationController.php","message":"resend_entered","data":{"has_user":true,"auth_id":1},"timestamp":1778617607718}
{"sessionId":"e43b30","runId":"initial","hypothesisId":"H2","location":"VerificationController.php","message":"before_send_notification","data":{"user_id":1,"has_verified_email_method":true,"already_verified":false,"mail_mailer":"array","mail_host":"smtp.gmail.com","mail_port":"465","mail_scheme":null,"mail_encryption_env":"ssl"},"timestamp":1778617607718}
{"sessionId":"e43b30","runId":"initial","hypothesisId":"H2","location":"VerificationController.php","message":"send_notification_success","data":{"user_id":1},"timestamp":1778617607718}
{"sessionId":"e43b30","runId":"initial","hypothesisId":"H1","location":"VerificationController.php","message":"resend_entered","data":{"has_user":true,"auth_id":1},"timestamp":1778617607731}
{"sessionId":"e43b30","runId":"initial","hypothesisId":"H2","location":"VerificationController.php","message":"before_send_notification","data":{"user_id":1,"has_verified_email_method":true,"already_verified":false,"mail_mailer":"array","mail_host":"smtp.gmail.com","mail_port":"465","mail_scheme":null,"mail_encryption_env":"ssl"},"timestamp":1778617607731}
{"sessionId":"e43b30","runId":"initial","hypothesisId":"H2","location":"VerificationController.php","message":"send_notification_success","data":{"user_id":1},"timestamp":1778617607732}
{"sessionId":"e43b30","runId":"initial","hypothesisId":"H1","location":"VerificationController.php","message":"resend_entered","data":{"has_user":true,"auth_id":1},"timestamp":1778617607733}
{"sessionId":"e43b30","runId":"initial","hypothesisId":"H2","location":"VerificationController.php","message":"before_send_notification","data":{"user_id":1,"has_verified_email_method":true,"already_verified":false,"mail_mailer":"array","mail_host":"smtp.gmail.com","mail_port":"465","mail_scheme":null,"mail_encryption_env":"ssl"},"timestamp":1778617607733}
{"sessionId":"e43b30","runId":"initial","hypothesisId":"H2","location":"VerificationController.php","message":"send_notification_success","data":{"user_id":1},"timestamp":1778617607733}
{"sessionId":"e43b30","runId":"initial","hypothesisId":"H1","location":"VerificationController.php","message":"resend_entered","data":{"has_user":true,"auth_id":1},"timestamp":1778617607734}
{"sessionId":"e43b30","runId":"initial","hypothesisId":"H2","location":"VerificationController.php","message":"before_send_notification","data":{"user_id":1,"has_verified_email_method":true,"already_verified":false,"mail_mailer":"array","mail_host":"smtp.gmail.com","mail_port":"465","mail_scheme":null,"mail_encryption_env":"ssl"},"timestamp":1778617607734}
{"sessionId":"e43b30","runId":"initial","hypothesisId":"H2","location":"VerificationController.php","message":"send_notification_success","data":{"user_id":1},"timestamp":1778617607734}
{"sessionId":"e43b30","runId":"initial","hypothesisId":"H1","location":"VerificationController.php","message":"resend_entered","data":{"has_user":true,"auth_id":1},"timestamp":1778617607735}
{"sessionId":"e43b30","runId":"initial","hypothesisId":"H2","location":"VerificationController.php","message":"before_send_notification","data":{"user_id":1,"has_verified_email_method":true,"already_verified":false,"mail_mailer":"array","mail_host":"smtp.gmail.com","mail_port":"465","mail_scheme":null,"mail_encryption_env":"ssl"},"timestamp":1778617607735}
{"sessionId":"e43b30","runId":"initial","hypothesisId":"H2","location":"VerificationController.php","message":"send_notification_success","data":{"user_id":1},"timestamp":1778617607735}
{"sessionId":"e43b30","runId":"initial","hypothesisId":"H1","location":"VerificationController.php","message":"resend_entered","data":{"has_user":true,"auth_id":1},"timestamp":1778617607736}
{"sessionId":"e43b30","runId":"initial","hypothesisId":"H2","location":"VerificationController.php","message":"before_send_notification","data":{"user_id":1,"has_verified_email_method":true,"already_verified":false,"mail_mailer":"array","mail_host":"smtp.gmail.com","mail_port":"465","mail_scheme":null,"mail_encryption_env":"ssl"},"timestamp":1778617607736}
{"sessionId":"e43b30","runId":"initial","hypothesisId":"H2","location":"VerificationController.php","message":"send_notification_success","data":{"user_id":1},"timestamp":1778617607736}
{"sessionId":"e43b30","runId":"initial","hypothesisId":"H1","location":"VerificationController.php","message":"resend_entered","data":{"has_user":true,"auth_id":1},"timestamp":1778617607737}
{"sessionId":"e43b30","runId":"initial","hypothesisId":"H2","location":"VerificationController.php","message":"before_send_notification","data":{"user_id":1,"has_verified_email_method":true,"already_verified":false,"mail_mailer":"array","mail_host":"smtp.gmail.com","mail_port":"465","mail_scheme":null,"mail_encryption_env":"ssl"},"timestamp":1778617607737}
{"sessionId":"e43b30","runId":"initial","hypothesisId":"H2","location":"VerificationController.php","message":"send_notification_success","data":{"user_id":1},"timestamp":1778617607737}
{"sessionId":"e43b30","runId":"initial","hypothesisId":"H1","location":"VerificationController.php","message":"resend_entered","data":{"has_user":true,"auth_id":1},"timestamp":1778617704538}
{"sessionId":"e43b30","runId":"initial","hypothesisId":"H2","location":"VerificationController.php","message":"before_send_notification","data":{"user_id":1,"has_verified_email_method":true,"already_verified":false,"mail_mailer":"array","mail_host":"smtp.gmail.com","mail_port":"465","mail_scheme":null,"mail_encryption_env":"ssl"},"timestamp":1778617704539}
{"sessionId":"e43b30","runId":"initial","hypothesisId":"H2","location":"VerificationController.php","message":"send_notification_success","data":{"user_id":1},"timestamp":1778617704539}
{"sessionId":"e43b30","runId":"initial","hypothesisId":"H1","location":"VerificationController.php","message":"resend_entered","data":{"has_user":true,"auth_id":1},"timestamp":1778617704553}
{"sessionId":"e43b30","runId":"initial","hypothesisId":"H2","location":"VerificationController.php","message":"before_send_notification","data":{"user_id":1,"has_verified_email_method":true,"already_verified":false,"mail_mailer":"array","mail_host":"smtp.gmail.com","mail_port":"465","mail_scheme":null,"mail_encryption_env":"ssl"},"timestamp":1778617704554}
{"sessionId":"e43b30","runId":"initial","hypothesisId":"H2","location":"VerificationController.php","message":"send_notification_success","data":{"user_id":1},"timestamp":1778617704554}
{"sessionId":"e43b30","runId":"initial","hypothesisId":"H1","location":"VerificationController.php","message":"resend_entered","data":{"has_user":true,"auth_id":1},"timestamp":1778617704555}
{"sessionId":"e43b30","runId":"initial","hypothesisId":"H2","location":"VerificationController.php","message":"before_send_notification","data":{"user_id":1,"has_verified_email_method":true,"already_verified":false,"mail_mailer":"array","mail_host":"smtp.gmail.com","mail_port":"465","mail_scheme":null,"mail_encryption_env":"ssl"},"timestamp":1778617704555}
{"sessionId":"e43b30","runId":"initial","hypothesisId":"H2","location":"VerificationController.php","message":"send_notification_success","data":{"user_id":1},"timestamp":1778617704555}
{"sessionId":"e43b30","runId":"initial","hypothesisId":"H1","location":"VerificationController.php","message":"resend_entered","data":{"has_user":true,"auth_id":1},"timestamp":1778617704556}
{"sessionId":"e43b30","runId":"initial","hypothesisId":"H2","location":"VerificationController.php","message":"before_send_notification","data":{"user_id":1,"has_verified_email_method":true,"already_verified":false,"mail_mailer":"array","mail_host":"smtp.gmail.com","mail_port":"465","mail_scheme":null,"mail_encryption_env":"ssl"},"timestamp":1778617704556}
{"sessionId":"e43b30","runId":"initial","hypothesisId":"H2","location":"VerificationController.php","message":"send_notification_success","data":{"user_id":1},"timestamp":1778617704556}
{"sessionId":"e43b30","runId":"initial","hypothesisId":"H1","location":"VerificationController.php","message":"resend_entered","data":{"has_user":true,"auth_id":1},"timestamp":1778617704557}
{"sessionId":"e43b30","runId":"initial","hypothesisId":"H2","location":"VerificationController.php","message":"before_send_notification","data":{"user_id":1,"has_verified_email_method":true,"already_verified":false,"mail_mailer":"array","mail_host":"smtp.gmail.com","mail_port":"465","mail_scheme":null,"mail_encryption_env":"ssl"},"timestamp":1778617704557}
{"sessionId":"e43b30","runId":"initial","hypothesisId":"H2","location":"VerificationController.php","message":"send_notification_success","data":{"user_id":1},"timestamp":1778617704557}
{"sessionId":"e43b30","runId":"initial","hypothesisId":"H1","location":"VerificationController.php","message":"resend_entered","data":{"has_user":true,"auth_id":1},"timestamp":1778617704558}
{"sessionId":"e43b30","runId":"initial","hypothesisId":"H2","location":"VerificationController.php","message":"before_send_notification","data":{"user_id":1,"has_verified_email_method":true,"already_verified":false,"mail_mailer":"array","mail_host":"smtp.gmail.com","mail_port":"465","mail_scheme":null,"mail_encryption_env":"ssl"},"timestamp":1778617704558}
{"sessionId":"e43b30","runId":"initial","hypothesisId":"H2","location":"VerificationController.php","message":"send_notification_success","data":{"user_id":1},"timestamp":1778617704558}
{"sessionId":"e43b30","runId":"initial","hypothesisId":"H1","location":"VerificationController.php","message":"resend_entered","data":{"has_user":true,"auth_id":1},"timestamp":1778617704559}
{"sessionId":"e43b30","runId":"initial","hypothesisId":"H2","location":"VerificationController.php","message":"before_send_notification","data":{"user_id":1,"has_verified_email_method":true,"already_verified":false,"mail_mailer":"array","mail_host":"smtp.gmail.com","mail_port":"465","mail_scheme":null,"mail_encryption_env":"ssl"},"timestamp":1778617704559}
{"sessionId":"e43b30","runId":"initial","hypothesisId":"H2","location":"VerificationController.php","message":"send_notification_success","data":{"user_id":1},"timestamp":1778617704559}
{"sessionId":"e43b30","runId":"initial","hypothesisId":"H1","location":"VerificationController.php","message":"resend_entered","data":{"has_user":true,"auth_id":1},"timestamp":1778617820403}
{"sessionId":"e43b30","runId":"initial","hypothesisId":"H2","location":"VerificationController.php","message":"before_send_notification","data":{"user_id":1,"has_verified_email_method":true,"already_verified":false,"mail_mailer":"array","mail_host":"smtp.gmail.com","mail_port":"465","mail_scheme":null,"mail_encryption_env":"ssl"},"timestamp":1778617820404}
{"sessionId":"e43b30","runId":"initial","hypothesisId":"H2","location":"VerificationController.php","message":"send_notification_success","data":{"user_id":1},"timestamp":1778617820404}
{"sessionId":"e43b30","runId":"initial","hypothesisId":"H1","location":"VerificationController.php","message":"resend_entered","data":{"has_user":true,"auth_id":1},"timestamp":1778617820417}
{"sessionId":"e43b30","runId":"initial","hypothesisId":"H2","location":"VerificationController.php","message":"before_send_notification","data":{"user_id":1,"has_verified_email_method":true,"already_verified":false,"mail_mailer":"array","mail_host":"smtp.gmail.com","mail_port":"465","mail_scheme":null,"mail_encryption_env":"ssl"},"timestamp":1778617820417}
{"sessionId":"e43b30","runId":"initial","hypothesisId":"H2","location":"VerificationController.php","message":"send_notification_success","data":{"user_id":1},"timestamp":1778617820418}
{"sessionId":"e43b30","runId":"initial","hypothesisId":"H1","location":"VerificationController.php","message":"resend_entered","data":{"has_user":true,"auth_id":1},"timestamp":1778617820418}
{"sessionId":"e43b30","runId":"initial","hypothesisId":"H2","location":"VerificationController.php","message":"before_send_notification","data":{"user_id":1,"has_verified_email_method":true,"already_verified":false,"mail_mailer":"array","mail_host":"smtp.gmail.com","mail_port":"465","mail_scheme":null,"mail_encryption_env":"ssl"},"timestamp":1778617820419}
{"sessionId":"e43b30","runId":"initial","hypothesisId":"H2","location":"VerificationController.php","message":"send_notification_success","data":{"user_id":1},"timestamp":1778617820419}
{"sessionId":"e43b30","runId":"initial","hypothesisId":"H1","location":"VerificationController.php","message":"resend_entered","data":{"has_user":true,"auth_id":1},"timestamp":1778617820419}
{"sessionId":"e43b30","runId":"initial","hypothesisId":"H2","location":"VerificationController.php","message":"before_send_notification","data":{"user_id":1,"has_verified_email_method":true,"already_verified":false,"mail_mailer":"array","mail_host":"smtp.gmail.com","mail_port":"465","mail_scheme":null,"mail_encryption_env":"ssl"},"timestamp":1778617820420}
{"sessionId":"e43b30","runId":"initial","hypothesisId":"H2","location":"VerificationController.php","message":"send_notification_success","data":{"user_id":1},"timestamp":1778617820420}
{"sessionId":"e43b30","runId":"initial","hypothesisId":"H1","location":"VerificationController.php","message":"resend_entered","data":{"has_user":true,"auth_id":1},"timestamp":1778617820420}
{"sessionId":"e43b30","runId":"initial","hypothesisId":"H2","location":"VerificationController.php","message":"before_send_notification","data":{"user_id":1,"has_verified_email_method":true,"already_verified":false,"mail_mailer":"array","mail_host":"smtp.gmail.com","mail_port":"465","mail_scheme":null,"mail_encryption_env":"ssl"},"timestamp":1778617820421}
{"sessionId":"e43b30","runId":"initial","hypothesisId":"H2","location":"VerificationController.php","message":"send_notification_success","data":{"user_id":1},"timestamp":1778617820421}
{"sessionId":"e43b30","runId":"initial","hypothesisId":"H1","location":"VerificationController.php","message":"resend_entered","data":{"has_user":true,"auth_id":1},"timestamp":1778617820421}
{"sessionId":"e43b30","runId":"initial","hypothesisId":"H2","location":"VerificationController.php","message":"before_send_notification","data":{"user_id":1,"has_verified_email_method":true,"already_verified":false,"mail_mailer":"array","mail_host":"smtp.gmail.com","mail_port":"465","mail_scheme":null,"mail_encryption_env":"ssl"},"timestamp":1778617820422}
{"sessionId":"e43b30","runId":"initial","hypothesisId":"H2","location":"VerificationController.php","message":"send_notification_success","data":{"user_id":1},"timestamp":1778617820422}
{"sessionId":"e43b30","runId":"initial","hypothesisId":"H1","location":"VerificationController.php","message":"resend_entered","data":{"has_user":true,"auth_id":1},"timestamp":1778617820422}
{"sessionId":"e43b30","runId":"initial","hypothesisId":"H2","location":"VerificationController.php","message":"before_send_notification","data":{"user_id":1,"has_verified_email_method":true,"already_verified":false,"mail_mailer":"array","mail_host":"smtp.gmail.com","mail_port":"465","mail_scheme":null,"mail_encryption_env":"ssl"},"timestamp":1778617820422}
{"sessionId":"e43b30","runId":"initial","hypothesisId":"H2","location":"VerificationController.php","message":"send_notification_success","data":{"user_id":1},"timestamp":1778617820423}
{"sessionId":"e43b30","runId":"initial","hypothesisId":"H1","location":"VerificationController.php","message":"resend_entered","data":{"has_user":true,"auth_id":1},"timestamp":1778618430934}
{"sessionId":"e43b30","runId":"initial","hypothesisId":"H2","location":"VerificationController.php","message":"before_send_notification","data":{"user_id":1,"has_verified_email_method":true,"already_verified":false,"mail_mailer":"array","mail_host":"smtp.gmail.com","mail_port":"465","mail_scheme":null,"mail_encryption_env":"ssl"},"timestamp":1778618430934}
{"sessionId":"e43b30","runId":"initial","hypothesisId":"H2","location":"VerificationController.php","message":"send_notification_success","data":{"user_id":1},"timestamp":1778618430934}
{"sessionId":"e43b30","runId":"initial","hypothesisId":"H1","location":"VerificationController.php","message":"resend_entered","data":{"has_user":true,"auth_id":1},"timestamp":1778618430948}
{"sessionId":"e43b30","runId":"initial","hypothesisId":"H2","location":"VerificationController.php","message":"before_send_notification","data":{"user_id":1,"has_verified_email_method":true,"already_verified":false,"mail_mailer":"array","mail_host":"smtp.gmail.com","mail_port":"465","mail_scheme":null,"mail_encryption_env":"ssl"},"timestamp":1778618430951}
{"sessionId":"e43b30","runId":"initial","hypothesisId":"H2","location":"VerificationController.php","message":"send_notification_success","data":{"user_id":1},"timestamp":1778618430951}
{"sessionId":"e43b30","runId":"initial","hypothesisId":"H1","location":"VerificationController.php","message":"resend_entered","data":{"has_user":true,"auth_id":1},"timestamp":1778618430952}
{"sessionId":"e43b30","runId":"initial","hypothesisId":"H2","location":"VerificationController.php","message":"before_send_notification","data":{"user_id":1,"has_verified_email_method":true,"already_verified":false,"mail_mailer":"array","mail_host":"smtp.gmail.com","mail_port":"465","mail_scheme":null,"mail_encryption_env":"ssl"},"timestamp":1778618430952}
{"sessionId":"e43b30","runId":"initial","hypothesisId":"H2","location":"VerificationController.php","message":"send_notification_success","data":{"user_id":1},"timestamp":1778618430953}
{"sessionId":"e43b30","runId":"initial","hypothesisId":"H1","location":"VerificationController.php","message":"resend_entered","data":{"has_user":true,"auth_id":1},"timestamp":1778618430953}
{"sessionId":"e43b30","runId":"initial","hypothesisId":"H2","location":"VerificationController.php","message":"before_send_notification","data":{"user_id":1,"has_verified_email_method":true,"already_verified":false,"mail_mailer":"array","mail_host":"smtp.gmail.com","mail_port":"465","mail_scheme":null,"mail_encryption_env":"ssl"},"timestamp":1778618430954}
{"sessionId":"e43b30","runId":"initial","hypothesisId":"H2","location":"VerificationController.php","message":"send_notification_success","data":{"user_id":1},"timestamp":1778618430954}
{"sessionId":"e43b30","runId":"initial","hypothesisId":"H1","location":"VerificationController.php","message":"resend_entered","data":{"has_user":true,"auth_id":1},"timestamp":1778618430954}
{"sessionId":"e43b30","runId":"initial","hypothesisId":"H2","location":"VerificationController.php","message":"before_send_notification","data":{"user_id":1,"has_verified_email_method":true,"already_verified":false,"mail_mailer":"array","mail_host":"smtp.gmail.com","mail_port":"465","mail_scheme":null,"mail_encryption_env":"ssl"},"timestamp":1778618430955}
{"sessionId":"e43b30","runId":"initial","hypothesisId":"H2","location":"VerificationController.php","message":"send_notification_success","data":{"user_id":1},"timestamp":1778618430955}
{"sessionId":"e43b30","runId":"initial","hypothesisId":"H1","location":"VerificationController.php","message":"resend_entered","data":{"has_user":true,"auth_id":1},"timestamp":1778618430955}
{"sessionId":"e43b30","runId":"initial","hypothesisId":"H2","location":"VerificationController.php","message":"before_send_notification","data":{"user_id":1,"has_verified_email_method":true,"already_verified":false,"mail_mailer":"array","mail_host":"smtp.gmail.com","mail_port":"465","mail_scheme":null,"mail_encryption_env":"ssl"},"timestamp":1778618430956}
{"sessionId":"e43b30","runId":"initial","hypothesisId":"H2","location":"VerificationController.php","message":"send_notification_success","data":{"user_id":1},"timestamp":1778618430956}
{"sessionId":"e43b30","runId":"initial","hypothesisId":"H1","location":"VerificationController.php","message":"resend_entered","data":{"has_user":true,"auth_id":1},"timestamp":1778618430956}
{"sessionId":"e43b30","runId":"initial","hypothesisId":"H2","location":"VerificationController.php","message":"before_send_notification","data":{"user_id":1,"has_verified_email_method":true,"already_verified":false,"mail_mailer":"array","mail_host":"smtp.gmail.com","mail_port":"465","mail_scheme":null,"mail_encryption_env":"ssl"},"timestamp":1778618430957}
{"sessionId":"e43b30","runId":"initial","hypothesisId":"H2","location":"VerificationController.php","message":"send_notification_success","data":{"user_id":1},"timestamp":1778618430957}
{"sessionId":"e43b30","runId":"initial","hypothesisId":"H1","location":"VerificationController.php","message":"resend_entered","data":{"has_user":true,"auth_id":1},"timestamp":1778618447453}
{"sessionId":"e43b30","runId":"initial","hypothesisId":"H2","location":"VerificationController.php","message":"before_send_notification","data":{"user_id":1,"has_verified_email_method":true,"already_verified":false,"mail_mailer":"array","mail_host":"smtp.gmail.com","mail_port":"465","mail_scheme":null,"mail_encryption_env":"ssl"},"timestamp":1778618447453}
{"sessionId":"e43b30","runId":"initial","hypothesisId":"H2","location":"VerificationController.php","message":"send_notification_success","data":{"user_id":1},"timestamp":1778618447454}
{"sessionId":"e43b30","runId":"initial","hypothesisId":"H1","location":"VerificationController.php","message":"resend_entered","data":{"has_user":true,"auth_id":1},"timestamp":1778618447472}
{"sessionId":"e43b30","runId":"initial","hypothesisId":"H2","location":"VerificationController.php","message":"before_send_notification","data":{"user_id":1,"has_verified_email_method":true,"already_verified":false,"mail_mailer":"array","mail_host":"smtp.gmail.com","mail_port":"465","mail_scheme":null,"mail_encryption_env":"ssl"},"timestamp":1778618447473}
{"sessionId":"e43b30","runId":"initial","hypothesisId":"H2","location":"VerificationController.php","message":"send_notification_success","data":{"user_id":1},"timestamp":1778618447473}
{"sessionId":"e43b30","runId":"initial","hypothesisId":"H1","location":"VerificationController.php","message":"resend_entered","data":{"has_user":true,"auth_id":1},"timestamp":1778618447474}
{"sessionId":"e43b30","runId":"initial","hypothesisId":"H2","location":"VerificationController.php","message":"before_send_notification","data":{"user_id":1,"has_verified_email_method":true,"already_verified":false,"mail_mailer":"array","mail_host":"smtp.gmail.com","mail_port":"465","mail_scheme":null,"mail_encryption_env":"ssl"},"timestamp":1778618447474}
{"sessionId":"e43b30","runId":"initial","hypothesisId":"H2","location":"VerificationController.php","message":"send_notification_success","data":{"user_id":1},"timestamp":1778618447474}
{"sessionId":"e43b30","runId":"initial","hypothesisId":"H1","location":"VerificationController.php","message":"resend_entered","data":{"has_user":true,"auth_id":1},"timestamp":1778618447475}
{"sessionId":"e43b30","runId":"initial","hypothesisId":"H2","location":"VerificationController.php","message":"before_send_notification","data":{"user_id":1,"has_verified_email_method":true,"already_verified":false,"mail_mailer":"array","mail_host":"smtp.gmail.com","mail_port":"465","mail_scheme":null,"mail_encryption_env":"ssl"},"timestamp":1778618447475}
{"sessionId":"e43b30","runId":"initial","hypothesisId":"H2","location":"VerificationController.php","message":"send_notification_success","data":{"user_id":1},"timestamp":1778618447475}
{"sessionId":"e43b30","runId":"initial","hypothesisId":"H1","location":"VerificationController.php","message":"resend_entered","data":{"has_user":true,"auth_id":1},"timestamp":1778618447476}
{"sessionId":"e43b30","runId":"initial","hypothesisId":"H2","location":"VerificationController.php","message":"before_send_notification","data":{"user_id":1,"has_verified_email_method":true,"already_verified":false,"mail_mailer":"array","mail_host":"smtp.gmail.com","mail_port":"465","mail_scheme":null,"mail_encryption_env":"ssl"},"timestamp":1778618447476}
{"sessionId":"e43b30","runId":"initial","hypothesisId":"H2","location":"VerificationController.php","message":"send_notification_success","data":{"user_id":1},"timestamp":1778618447476}
{"sessionId":"e43b30","runId":"initial","hypothesisId":"H1","location":"VerificationController.php","message":"resend_entered","data":{"has_user":true,"auth_id":1},"timestamp":1778618447477}
{"sessionId":"e43b30","runId":"initial","hypothesisId":"H2","location":"VerificationController.php","message":"before_send_notification","data":{"user_id":1,"has_verified_email_method":true,"already_verified":false,"mail_mailer":"array","mail_host":"smtp.gmail.com","mail_port":"465","mail_scheme":null,"mail_encryption_env":"ssl"},"timestamp":1778618447477}
{"sessionId":"e43b30","runId":"initial","hypothesisId":"H2","location":"VerificationController.php","message":"send_notification_success","data":{"user_id":1},"timestamp":1778618447477}
{"sessionId":"e43b30","runId":"initial","hypothesisId":"H1","location":"VerificationController.php","message":"resend_entered","data":{"has_user":true,"auth_id":1},"timestamp":1778618447478}
{"sessionId":"e43b30","runId":"initial","hypothesisId":"H2","location":"VerificationController.php","message":"before_send_notification","data":{"user_id":1,"has_verified_email_method":true,"already_verified":false,"mail_mailer":"array","mail_host":"smtp.gmail.com","mail_port":"465","mail_scheme":null,"mail_encryption_env":"ssl"},"timestamp":1778618447478}
{"sessionId":"e43b30","runId":"initial","hypothesisId":"H2","location":"VerificationController.php","message":"send_notification_success","data":{"user_id":1},"timestamp":1778618447478}
{"sessionId":"e43b30","runId":"initial","hypothesisId":"H1","location":"VerificationController.php","message":"resend_entered","data":{"has_user":true,"auth_id":1},"timestamp":1778618906768}
{"sessionId":"e43b30","runId":"initial","hypothesisId":"H2","location":"VerificationController.php","message":"before_send_notification","data":{"user_id":1,"has_verified_email_method":true,"already_verified":false,"mail_mailer":"array","mail_host":"smtp.gmail.com","mail_port":"465","mail_scheme":null,"mail_encryption_env":"ssl"},"timestamp":1778618906769}
{"sessionId":"e43b30","runId":"initial","hypothesisId":"H2","location":"VerificationController.php","message":"send_notification_success","data":{"user_id":1},"timestamp":1778618906775}
{"sessionId":"e43b30","runId":"initial","hypothesisId":"H1","location":"VerificationController.php","message":"resend_entered","data":{"has_user":true,"auth_id":1},"timestamp":1778618906794}
{"sessionId":"e43b30","runId":"initial","hypothesisId":"H2","location":"VerificationController.php","message":"before_send_notification","data":{"user_id":1,"has_verified_email_method":true,"already_verified":false,"mail_mailer":"array","mail_host":"smtp.gmail.com","mail_port":"465","mail_scheme":null,"mail_encryption_env":"ssl"},"timestamp":1778618906794}
{"sessionId":"e43b30","runId":"initial","hypothesisId":"H2","location":"VerificationController.php","message":"send_notification_success","data":{"user_id":1},"timestamp":1778618906794}
{"sessionId":"e43b30","runId":"initial","hypothesisId":"H1","location":"VerificationController.php","message":"resend_entered","data":{"has_user":true,"auth_id":1},"timestamp":1778618906795}
{"sessionId":"e43b30","runId":"initial","hypothesisId":"H2","location":"VerificationController.php","message":"before_send_notification","data":{"user_id":1,"has_verified_email_method":true,"already_verified":false,"mail_mailer":"array","mail_host":"smtp.gmail.com","mail_port":"465","mail_scheme":null,"mail_encryption_env":"ssl"},"timestamp":1778618906795}
{"sessionId":"e43b30","runId":"initial","hypothesisId":"H2","location":"VerificationController.php","message":"send_notification_success","data":{"user_id":1},"timestamp":1778618906795}
{"sessionId":"e43b30","runId":"initial","hypothesisId":"H1","location":"VerificationController.php","message":"resend_entered","data":{"has_user":true,"auth_id":1},"timestamp":1778618906796}
{"sessionId":"e43b30","runId":"initial","hypothesisId":"H2","location":"VerificationController.php","message":"before_send_notification","data":{"user_id":1,"has_verified_email_method":true,"already_verified":false,"mail_mailer":"array","mail_host":"smtp.gmail.com","mail_port":"465","mail_scheme":null,"mail_encryption_env":"ssl"},"timestamp":1778618906796}
{"sessionId":"e43b30","runId":"initial","hypothesisId":"H2","location":"VerificationController.php","message":"send_notification_success","data":{"user_id":1},"timestamp":1778618906796}
{"sessionId":"e43b30","runId":"initial","hypothesisId":"H1","location":"VerificationController.php","message":"resend_entered","data":{"has_user":true,"auth_id":1},"timestamp":1778618906797}
{"sessionId":"e43b30","runId":"initial","hypothesisId":"H2","location":"VerificationController.php","message":"before_send_notification","data":{"user_id":1,"has_verified_email_method":true,"already_verified":false,"mail_mailer":"array","mail_host":"smtp.gmail.com","mail_port":"465","mail_scheme":null,"mail_encryption_env":"ssl"},"timestamp":1778618906797}
{"sessionId":"e43b30","runId":"initial","hypothesisId":"H2","location":"VerificationController.php","message":"send_notification_success","data":{"user_id":1},"timestamp":1778618906797}
{"sessionId":"e43b30","runId":"initial","hypothesisId":"H1","location":"VerificationController.php","message":"resend_entered","data":{"has_user":true,"auth_id":1},"timestamp":1778618906798}
{"sessionId":"e43b30","runId":"initial","hypothesisId":"H2","location":"VerificationController.php","message":"before_send_notification","data":{"user_id":1,"has_verified_email_method":true,"already_verified":false,"mail_mailer":"array","mail_host":"smtp.gmail.com","mail_port":"465","mail_scheme":null,"mail_encryption_env":"ssl"},"timestamp":1778618906798}
{"sessionId":"e43b30","runId":"initial","hypothesisId":"H2","location":"VerificationController.php","message":"send_notification_success","data":{"user_id":1},"timestamp":1778618906798}
{"sessionId":"e43b30","runId":"initial","hypothesisId":"H1","location":"VerificationController.php","message":"resend_entered","data":{"has_user":true,"auth_id":1},"timestamp":1778618906799}
{"sessionId":"e43b30","runId":"initial","hypothesisId":"H2","location":"VerificationController.php","message":"before_send_notification","data":{"user_id":1,"has_verified_email_method":true,"already_verified":false,"mail_mailer":"array","mail_host":"smtp.gmail.com","mail_port":"465","mail_scheme":null,"mail_encryption_env":"ssl"},"timestamp":1778618906799}
{"sessionId":"e43b30","runId":"initial","hypothesisId":"H2","location":"VerificationController.php","message":"send_notification_success","data":{"user_id":1},"timestamp":1778618906799}
